<?xml version="1.0" encoding="UTF-8"?>
<!-- Generated by org.testng.reporters.JUnitReportReporter -->
<testsuite hostname="QT-INBG-LT0746" failures="0" tests="1" name="auto.Registration" time="11.932" errors="0" timestamp="2022-09-19T12:25:11 IST" skipped="0">
  <testcase classname="auto.Registration" name="setup" time="11.932"/>
  <system-out/>
</testsuite> <!-- auto.Registration -->
